Determining if the pthread_create exist failed with the following output:
Change Dir: /home/aw_rdex/ros2_ws/src/cpp_pubsub2/build/CMakeFiles/CMakeTmp

Run Build Command:"/usr/bin/make" "cmTC_47d2d/fast"
/usr/bin/make -f CMakeFiles/cmTC_47d2d.dir/build.make CMakeFiles/cmTC_47d2d.dir/build
make[1]: Entering directory '/home/aw_rdex/ros2_ws/src/cpp_pubsub2/build/CMakeFiles/CMakeTmp'
Building C object CMakeFiles/cmTC_47d2d.dir/CheckSymbolExists.c.o
/usr/bin/clang-6.0    -o CMakeFiles/cmTC_47d2d.dir/CheckSymbolExists.c.o   -c /home/aw_rdex/ros2_ws/src/cpp_pubsub2/build/CMakeFiles/CMakeTmp/CheckSymbolExists.c
Linking C executable cmTC_47d2d
/usr/bin/cmake -E cmake_link_script CMakeFiles/cmTC_47d2d.dir/link.txt --verbose=1
/usr/bin/clang-6.0      CMakeFiles/cmTC_47d2d.dir/CheckSymbolExists.c.o  -o cmTC_47d2d 
CMakeFiles/cmTC_47d2d.dir/CheckSymbolExists.c.o: In function `main':
CheckSymbolExists.c:(.text+0x19): undefined reference to `pthread_create'
clang: error: linker command failed with exit code 1 (use -v to see invocation)
CMakeFiles/cmTC_47d2d.dir/build.make:86: recipe for target 'cmTC_47d2d' failed
make[1]: *** [cmTC_47d2d] Error 1
make[1]: Leaving directory '/home/aw_rdex/ros2_ws/src/cpp_pubsub2/build/CMakeFiles/CMakeTmp'
Makefile:121: recipe for target 'cmTC_47d2d/fast' failed
make: *** [cmTC_47d2d/fast] Error 2

File /home/aw_rdex/ros2_ws/src/cpp_pubsub2/build/CMakeFiles/CMakeTmp/CheckSymbolExists.c:
/* */
#include <pthread.h>

int main(int argc, char** argv)
{
  (void)argv;
#ifndef pthread_create
  return ((int*)(&pthread_create))[argc];
#else
  (void)argc;
  return 0;
#endif
}

Determining if the function pthread_create exists in the pthreads failed with the following output:
Change Dir: /home/aw_rdex/ros2_ws/src/cpp_pubsub2/build/CMakeFiles/CMakeTmp

Run Build Command:"/usr/bin/make" "cmTC_61423/fast"
/usr/bin/make -f CMakeFiles/cmTC_61423.dir/build.make CMakeFiles/cmTC_61423.dir/build
make[1]: Entering directory '/home/aw_rdex/ros2_ws/src/cpp_pubsub2/build/CMakeFiles/CMakeTmp'
Building C object CMakeFiles/cmTC_61423.dir/CheckFunctionExists.c.o
/usr/bin/clang-6.0   -DCHECK_FUNCTION_EXISTS=pthread_create   -o CMakeFiles/cmTC_61423.dir/CheckFunctionExists.c.o   -c /usr/share/cmake-3.13/Modules/CheckFunctionExists.c
Linking C executable cmTC_61423
/usr/bin/cmake -E cmake_link_script CMakeFiles/cmTC_61423.dir/link.txt --verbose=1
/usr/bin/clang-6.0  -DCHECK_FUNCTION_EXISTS=pthread_create    CMakeFiles/cmTC_61423.dir/CheckFunctionExists.c.o  -o cmTC_61423 -lpthreads 
/usr/bin/ld: cannot find -lpthreads
clang: error: linker command failed with exit code 1 (use -v to see invocation)
CMakeFiles/cmTC_61423.dir/build.make:86: recipe for target 'cmTC_61423' failed
make[1]: *** [cmTC_61423] Error 1
make[1]: Leaving directory '/home/aw_rdex/ros2_ws/src/cpp_pubsub2/build/CMakeFiles/CMakeTmp'
Makefile:121: recipe for target 'cmTC_61423/fast' failed
make: *** [cmTC_61423/fast] Error 2


